<?xml version="1.0" encoding="UTF-8"?>
<!-- Generated by org.testng.reporters.JUnitReportReporter -->
<testsuite hostname="DESKTOP-H0DRK1M" failures="0" tests="1" name="TestCases.TC_02_login" time="3.019" errors="0" timestamp="2024-06-12T10:40:10 IST" skipped="0">
  <testcase classname="TestCases.TC_02_login" name="Logintest" time="3.019"/>
</testsuite> <!-- TestCases.TC_02_login -->
